<?xml version="1.0" encoding="UTF-8"?>
<testsuite name="com.telran.tests.SearchWikiTest" tests="2" skipped="0" failures="0" errors="0" timestamp="2019-09-16T11:05:40" hostname="MacBook-Pro-Dmitrij.local" time="3.888">
  <properties/>
  <testcase name="WikiSearchQA" classname="com.telran.tests.SearchWikiTest" time="1.603"/>
  <testcase name="WikiSearchJava" classname="com.telran.tests.SearchWikiTest" time="2.284"/>
  <system-out><![CDATA[]]></system-out>
  <system-err><![CDATA[]]></system-err>
</testsuite>
