<?xml version="1.0" encoding="UTF-8"?>
<testsuite name="com.telran.tests.SearchWikiTest" tests="1" skipped="0" failures="0" errors="0" timestamp="2019-08-20T07:27:37" hostname="MacBook-Pro-Dmitrij.local" time="10.245">
  <properties/>
  <testcase name="setUp" classname="com.telran.tests.SearchWikiTest" time="10.245"/>
  <system-out><![CDATA[]]></system-out>
  <system-err><![CDATA[Starting ChromeDriver 76.0.3809.68 (420c9498db8ce8fcd190a954d51297672c1515d5-refs/branch-heads/3809@{#864}) on port 35522
Only local connections are allowed.
Please protect ports used by ChromeDriver and related test frameworks to prevent access by malicious code.
авг 20, 2019 10:27:38 AM org.openqa.selenium.remote.ProtocolHandshake createSession
INFO: Detected dialect: W3C
]]></system-err>
</testsuite>
