<?xml version="1.0" encoding="UTF-8"?>
<testsuite name="com.telran.tests.LoginWikiTest" tests="1" skipped="0" failures="0" errors="0" timestamp="2019-08-23T09:27:03" hostname="MacBook-Pro-Dmitrij.local" time="10.02">
  <properties/>
  <testcase name="loginTest" classname="com.telran.tests.LoginWikiTest" time="10.02"/>
  <system-out><![CDATA[]]></system-out>
  <system-err><![CDATA[Starting ChromeDriver 76.0.3809.68 (420c9498db8ce8fcd190a954d51297672c1515d5-refs/branch-heads/3809@{#864}) on port 22512
Only local connections are allowed.
Please protect ports used by ChromeDriver and related test frameworks to prevent access by malicious code.
авг 23, 2019 12:27:03 PM org.openqa.selenium.remote.ProtocolHandshake createSession
INFO: Detected dialect: W3C
]]></system-err>
</testsuite>
