<?xml version="1.0" encoding="UTF-8"?>
<testsuite name="com.telran.tests.LoginWikiTest" tests="1" skipped="0" failures="0" errors="0" timestamp="2019-10-06T09:51:20" hostname="MacBook-Pro-Dmitrij.local" time="8.218">
  <properties/>
  <testcase name="loginTest" classname="com.telran.tests.LoginWikiTest" time="8.218"/>
  <system-out><![CDATA[]]></system-out>
  <system-err><![CDATA[]]></system-err>
</testsuite>
